# JRE version: OpenJDK Runtime Environment Microsoft-8035246 (17.0.8+7) (build 17.0.8+7-LTS)
# Java VM: OpenJDK 64-Bit Server VM Microsoft-8035246 (17.0.8+7-LTS, mixed mode, sharing, tiered, compressed oops, compressed class ptrs, g1 gc, windows-amd64)
GC Precious Log:
 CPUs: 16 total, 16 available
 Memory: 16312M
 Large Page Support: Disabled
 NUMA Support: Disabled
 Compressed Oops: Enabled (32-bit)
 Heap Region Size: 1M
 Heap Min Capacity: 8M
 Heap Initial Capacity: 256M
 Heap Max Capacity: 2G
 Pre-touch: Disabled
 Parallel Workers: 13
 Concurrent Workers: 3
 Concurrent Refinement Workers: 13
 Periodic GC: Disabled
Heap:
 garbage-first heap   total 247808K, used 207388K [0x0000000080000000, 0x0000000100000000)
  region size 1024K, 34 young (34816K), 3 survivors (3072K)
 Metaspace       used 114158K, committed 115328K, reserved 557056K
  class space    used 15748K, committed 16256K, reserved 425984K
GC Heap History (20 events):
Event: 45.342 GC heap before
{Heap before GC invocations=52 (full 0):
 garbage-first heap   total 247808K, used 155027K [0x0000000080000000, 0x0000000100000000)
  region size 1024K, 12 young (12288K), 1 survivors (1024K)
 Metaspace       used 104372K, committed 105408K, reserved 557056K
  class space    used 14365K, committed 14848K, reserved 425984K
}
Event: 45.346 GC heap after
{Heap after GC invocations=53 (full 0):
 garbage-first heap   total 247808K, used 144179K [0x0000000080000000, 0x0000000100000000)
  region size 1024K, 2 young (2048K), 2 survivors (2048K)
 Metaspace       used 104372K, committed 105408K, reserved 557056K
  class space    used 14365K, committed 14848K, reserved 425984K
}
Event: 46.143 GC heap before
{Heap before GC invocations=53 (full 0):
 garbage-first heap   total 247808K, used 193331K [0x0000000080000000, 0x0000000100000000)
  region size 1024K, 50 young (51200K), 2 survivors (2048K)
 Metaspace       used 107925K, committed 108992K, reserved 557056K
  class space    used 14908K, committed 15360K, reserved 425984K
}
Event: 46.149 GC heap after
{Heap after GC invocations=54 (full 0):
 garbage-first heap   total 247808K, used 146621K [0x0000000080000000, 0x0000000100000000)
  region size 1024K, 5 young (5120K), 5 survivors (5120K)
 Metaspace       used 107925K, committed 108992K, reserved 557056K
  class space    used 14908K, committed 15360K, reserved 425984K
}
Event: 46.906 GC heap before
{Heap before GC invocations=54 (full 0):
 garbage-first heap   total 247808K, used 196797K [0x0000000080000000, 0x0000000100000000)
  region size 1024K, 54 young (55296K), 5 survivors (5120K)
 Metaspace       used 110554K, committed 111680K, reserved 557056K
  class space    used 15234K, committed 15744K, reserved 425984K
}
Event: 46.913 GC heap after
{Heap after GC invocations=55 (full 0):
 garbage-first heap   total 247808K, used 151176K [0x0000000080000000, 0x0000000100000000)
  region size 1024K, 7 young (7168K), 7 survivors (7168K)
 Metaspace       used 110554K, committed 111680K, reserved 557056K
  class space    used 15234K, committed 15744K, reserved 425984K
}
Event: 47.632 GC heap before
{Heap before GC invocations=55 (full 0):
 garbage-first heap   total 247808K, used 200328K [0x0000000080000000, 0x0000000100000000)
  region size 1024K, 55 young (56320K), 7 survivors (7168K)
 Metaspace       used 111818K, committed 112960K, reserved 557056K
  class space    used 15370K, committed 15872K, reserved 425984K
}
Event: 47.642 GC heap after
{Heap after GC invocations=56 (full 0):
 garbage-first heap   total 247808K, used 158239K [0x0000000080000000, 0x0000000100000000)
  region size 1024K, 7 young (7168K), 7 survivors (7168K)
 Metaspace       used 111818K, committed 112960K, reserved 557056K
  class space    used 15370K, committed 15872K, reserved 425984K
}
Event: 48.165 GC heap before
{Heap before GC invocations=56 (full 0):
 garbage-first heap   total 247808K, used 202271K [0x0000000080000000, 0x0000000100000000)
  region size 1024K, 50 young (51200K), 7 survivors (7168K)
 Metaspace       used 112018K, committed 113088K, reserved 557056K
  class space    used 15372K, committed 15872K, reserved 425984K
}
Event: 48.172 GC heap after
{Heap after GC invocations=57 (full 0):
 garbage-first heap   total 247808K, used 162911K [0x0000000080000000, 0x0000000100000000)
  region size 1024K, 5 young (5120K), 5 survivors (5120K)
 Metaspace       used 112018K, committed 113088K, reserved 557056K
  class space    used 15372K, committed 15872K, reserved 425984K
}
Event: 48.671 GC heap before
{Heap before GC invocations=57 (full 0):
 garbage-first heap   total 247808K, used 204895K [0x0000000080000000, 0x0000000100000000)
  region size 1024K, 46 young (47104K), 5 survivors (5120K)
 Metaspace       used 113092K, committed 114240K, reserved 557056K
  class space    used 15592K, committed 16128K, reserved 425984K
}
Event: 48.678 GC heap after
{Heap after GC invocations=58 (full 0):
 garbage-first heap   total 247808K, used 167689K [0x0000000080000000, 0x0000000100000000)
  region size 1024K, 5 young (5120K), 5 survivors (5120K)
 Metaspace       used 113092K, committed 114240K, reserved 557056K
  class space    used 15592K, committed 16128K, reserved 425984K
}
Event: 48.963 GC heap before
{Heap before GC invocations=58 (full 0):
 garbage-first heap   total 247808K, used 205577K [0x0000000080000000, 0x0000000100000000)
  region size 1024K, 43 young (44032K), 5 survivors (5120K)
 Metaspace       used 113685K, committed 114880K, reserved 557056K
  class space    used 15707K, committed 16256K, reserved 425984K
}
Event: 48.968 GC heap after
{Heap after GC invocations=59 (full 0):
 garbage-first heap   total 247808K, used 169865K [0x0000000080000000, 0x0000000100000000)
  region size 1024K, 3 young (3072K), 3 survivors (3072K)
 Metaspace       used 113685K, committed 114880K, reserved 557056K
  class space    used 15707K, committed 16256K, reserved 425984K
}
Event: 49.310 GC heap before
{Heap before GC invocations=59 (full 0):
 garbage-first heap   total 247808K, used 208777K [0x0000000080000000, 0x0000000100000000)
  region size 1024K, 41 young (41984K), 3 survivors (3072K)
 Metaspace       used 113874K, committed 115072K, reserved 557056K
  class space    used 15707K, committed 16256K, reserved 425984K
}
Event: 49.313 GC heap after
{Heap after GC invocations=60 (full 0):
 garbage-first heap   total 247808K, used 170661K [0x0000000080000000, 0x0000000100000000)
  region size 1024K, 3 young (3072K), 3 survivors (3072K)
 Metaspace       used 113874K, committed 115072K, reserved 557056K
  class space    used 15707K, committed 16256K, reserved 425984K
}
Event: 49.798 GC heap before
{Heap before GC invocations=60 (full 0):
 garbage-first heap   total 247808K, used 209573K [0x0000000080000000, 0x0000000100000000)
  region size 1024K, 42 young (43008K), 3 survivors (3072K)
 Metaspace       used 114076K, committed 115200K, reserved 557056K
  class space    used 15748K, committed 16256K, reserved 425984K
}
Event: 49.803 GC heap after
{Heap after GC invocations=61 (full 0):
 garbage-first heap   total 247808K, used 175189K [0x0000000080000000, 0x0000000100000000)
  region size 1024K, 6 young (6144K), 6 survivors (6144K)
 Metaspace       used 114076K, committed 115200K, reserved 557056K
  class space    used 15748K, committed 16256K, reserved 425984K
}
Event: 50.042 GC heap before
{Heap before GC invocations=61 (full 0):
 garbage-first heap   total 247808K, used 208981K [0x0000000080000000, 0x0000000100000000)
  region size 1024K, 40 young (40960K), 6 survivors (6144K)
 Metaspace       used 114156K, committed 115264K, reserved 557056K
  class space    used 15748K, committed 16256K, reserved 425984K
}
Event: 50.047 GC heap after
{Heap after GC invocations=62 (full 0):
 garbage-first heap   total 247808K, used 177692K [0x0000000080000000, 0x0000000100000000)
  region size 1024K, 3 young (3072K), 3 survivors (3072K)
 Metaspace       used 114156K, committed 115264K, reserved 557056K
  class space    used 15748K, committed 16256K, reserved 425984K
}

