# JRE version: OpenJDK Runtime Environment Microsoft-8035246 (17.0.8+7) (build 17.0.8+7-LTS)
# Java VM: OpenJDK 64-Bit Server VM Microsoft-8035246 (17.0.8+7-LTS, mixed mode, sharing, tiered, compressed oops, compressed class ptrs, g1 gc, windows-amd64)
GC Precious Log:
 CPUs: 16 total, 16 available
 Memory: 16312M
 Large Page Support: Disabled
 NUMA Support: Disabled
 Compressed Oops: Enabled (32-bit)
 Heap Region Size: 1M
 Heap Min Capacity: 8M
 Heap Initial Capacity: 256M
 Heap Max Capacity: 2G
 Pre-touch: Disabled
 Parallel Workers: 13
 Concurrent Workers: 3
 Concurrent Refinement Workers: 13
 Periodic GC: Disabled
Heap:
 garbage-first heap   total 198656K, used 168124K [0x0000000080000000, 0x0000000100000000)
  region size 1024K, 22 young (22528K), 3 survivors (3072K)
 Metaspace       used 98690K, committed 99648K, reserved 557056K
  class space    used 13858K, committed 14336K, reserved 425984K
GC Heap History (20 events):
Event: 33.485 GC heap before
{Heap before GC invocations=62 (full 0):
 garbage-first heap   total 164864K, used 140655K [0x0000000080000000, 0x0000000100000000)
  region size 1024K, 15 young (15360K), 2 survivors (2048K)
 Metaspace       used 92600K, committed 93504K, reserved 557056K
  class space    used 13016K, committed 13440K, reserved 425984K
}
Event: 33.487 GC heap after
{Heap after GC invocations=63 (full 0):
 garbage-first heap   total 198656K, used 127983K [0x0000000080000000, 0x0000000100000000)
  region size 1024K, 2 young (2048K), 2 survivors (2048K)
 Metaspace       used 92600K, committed 93504K, reserved 557056K
  class space    used 13016K, committed 13440K, reserved 425984K
}
Event: 34.180 GC heap before
{Heap before GC invocations=63 (full 0):
 garbage-first heap   total 198656K, used 165871K [0x0000000080000000, 0x0000000100000000)
  region size 1024K, 39 young (39936K), 2 survivors (2048K)
 Metaspace       used 94802K, committed 95744K, reserved 557056K
  class space    used 13307K, committed 13760K, reserved 425984K
}
Event: 34.185 GC heap after
{Heap after GC invocations=64 (full 0):
 garbage-first heap   total 198656K, used 131189K [0x0000000080000000, 0x0000000100000000)
  region size 1024K, 5 young (5120K), 5 survivors (5120K)
 Metaspace       used 94802K, committed 95744K, reserved 557056K
  class space    used 13307K, committed 13760K, reserved 425984K
}
Event: 34.706 GC heap before
{Heap before GC invocations=64 (full 0):
 garbage-first heap   total 198656K, used 167029K [0x0000000080000000, 0x0000000100000000)
  region size 1024K, 40 young (40960K), 5 survivors (5120K)
 Metaspace       used 96394K, committed 97344K, reserved 557056K
  class space    used 13491K, committed 13952K, reserved 425984K
}
Event: 34.711 GC heap after
{Heap after GC invocations=65 (full 0):
 garbage-first heap   total 198656K, used 134316K [0x0000000080000000, 0x0000000100000000)
  region size 1024K, 4 young (4096K), 4 survivors (4096K)
 Metaspace       used 96394K, committed 97344K, reserved 557056K
  class space    used 13491K, committed 13952K, reserved 425984K
}
Event: 35.182 GC heap before
{Heap before GC invocations=65 (full 0):
 garbage-first heap   total 198656K, used 167084K [0x0000000080000000, 0x0000000100000000)
  region size 1024K, 36 young (36864K), 4 survivors (4096K)
 Metaspace       used 96803K, committed 97728K, reserved 557056K
  class space    used 13529K, committed 13952K, reserved 425984K
}
Event: 35.186 GC heap after
{Heap after GC invocations=66 (full 0):
 garbage-first heap   total 198656K, used 137970K [0x0000000080000000, 0x0000000100000000)
  region size 1024K, 4 young (4096K), 4 survivors (4096K)
 Metaspace       used 96803K, committed 97728K, reserved 557056K
  class space    used 13529K, committed 13952K, reserved 425984K
}
Event: 35.555 GC heap before
{Heap before GC invocations=66 (full 0):
 garbage-first heap   total 198656K, used 167666K [0x0000000080000000, 0x0000000100000000)
  region size 1024K, 33 young (33792K), 4 survivors (4096K)
 Metaspace       used 97938K, committed 98944K, reserved 557056K
  class space    used 13795K, committed 14272K, reserved 425984K
}
Event: 35.560 GC heap after
{Heap after GC invocations=67 (full 0):
 garbage-first heap   total 198656K, used 140934K [0x0000000080000000, 0x0000000100000000)
  region size 1024K, 4 young (4096K), 4 survivors (4096K)
 Metaspace       used 97938K, committed 98944K, reserved 557056K
  class space    used 13795K, committed 14272K, reserved 425984K
}
Event: 35.878 GC heap before
{Heap before GC invocations=67 (full 0):
 garbage-first heap   total 198656K, used 167558K [0x0000000080000000, 0x0000000100000000)
  region size 1024K, 31 young (31744K), 4 survivors (4096K)
 Metaspace       used 98200K, committed 99136K, reserved 557056K
  class space    used 13805K, committed 14272K, reserved 425984K
}
Event: 35.881 GC heap after
{Heap after GC invocations=68 (full 0):
 garbage-first heap   total 198656K, used 142271K [0x0000000080000000, 0x0000000100000000)
  region size 1024K, 2 young (2048K), 2 survivors (2048K)
 Metaspace       used 98200K, committed 99136K, reserved 557056K
  class space    used 13805K, committed 14272K, reserved 425984K
}
Event: 36.324 GC heap before
{Heap before GC invocations=68 (full 0):
 garbage-first heap   total 198656K, used 169919K [0x0000000080000000, 0x0000000100000000)
  region size 1024K, 29 young (29696K), 2 survivors (2048K)
 Metaspace       used 98568K, committed 99520K, reserved 557056K
  class space    used 13857K, committed 14336K, reserved 425984K
}
Event: 36.328 GC heap after
{Heap after GC invocations=69 (full 0):
 garbage-first heap   total 198656K, used 144908K [0x0000000080000000, 0x0000000100000000)
  region size 1024K, 4 young (4096K), 4 survivors (4096K)
 Metaspace       used 98568K, committed 99520K, reserved 557056K
  class space    used 13857K, committed 14336K, reserved 425984K
}
Event: 36.431 GC heap before
{Heap before GC invocations=69 (full 0):
 garbage-first heap   total 198656K, used 170508K [0x0000000080000000, 0x0000000100000000)
  region size 1024K, 29 young (29696K), 4 survivors (4096K)
 Metaspace       used 98685K, committed 99648K, reserved 557056K
  class space    used 13858K, committed 14336K, reserved 425984K
}
Event: 36.435 GC heap after
{Heap after GC invocations=70 (full 0):
 garbage-first heap   total 198656K, used 147346K [0x0000000080000000, 0x0000000100000000)
  region size 1024K, 3 young (3072K), 3 survivors (3072K)
 Metaspace       used 98685K, committed 99648K, reserved 557056K
  class space    used 13858K, committed 14336K, reserved 425984K
}
Event: 36.548 GC heap before
{Heap before GC invocations=70 (full 0):
 garbage-first heap   total 198656K, used 168850K [0x0000000080000000, 0x0000000100000000)
  region size 1024K, 25 young (25600K), 3 survivors (3072K)
 Metaspace       used 98688K, committed 99648K, reserved 557056K
  class space    used 13858K, committed 14336K, reserved 425984K
}
Event: 36.551 GC heap after
{Heap after GC invocations=71 (full 0):
 garbage-first heap   total 198656K, used 149038K [0x0000000080000000, 0x0000000100000000)
  region size 1024K, 2 young (2048K), 2 survivors (2048K)
 Metaspace       used 98688K, committed 99648K, reserved 557056K
  class space    used 13858K, committed 14336K, reserved 425984K
}
Event: 36.840 GC heap before
{Heap before GC invocations=71 (full 0):
 garbage-first heap   total 198656K, used 171566K [0x0000000080000000, 0x0000000100000000)
  region size 1024K, 24 young (24576K), 2 survivors (2048K)
 Metaspace       used 98689K, committed 99648K, reserved 557056K
  class space    used 13858K, committed 14336K, reserved 425984K
}
Event: 36.843 GC heap after
{Heap after GC invocations=72 (full 0):
 garbage-first heap   total 198656K, used 149692K [0x0000000080000000, 0x0000000100000000)
  region size 1024K, 3 young (3072K), 3 survivors (3072K)
 Metaspace       used 98689K, committed 99648K, reserved 557056K
  class space    used 13858K, committed 14336K, reserved 425984K
}

